Detecting compiler hash for triplet x64-windows...
The following packages will be built and installed:
  * brotli[core]:x64-windows -> 1.0.9#5 -- C:\Users\Asus\OneDrive\Documents\vcpkg\buildtrees\versioning_\versions\brotli\32ea6c4b0d18fa3172ad52147599983acc71d748
  * bzip2[core,tool]:x64-windows -> 1.0.8#3 -- C:\Users\Asus\OneDrive\Documents\vcpkg\buildtrees\versioning_\versions\bzip2\6ee6ad1d0bf78137f7f77671f393abc83363a710
  * double-conversion[core]:x64-windows -> 3.2.1 -- C:\Users\Asus\OneDrive\Documents\vcpkg\buildtrees\versioning_\versions\double-conversion\16b23d889f831b492aaa819cfde4d5d263be5bed
  * egl-registry[core]:x64-windows -> 2022-09-20 -- C:\Users\Asus\OneDrive\Documents\vcpkg\buildtrees\versioning_\versions\egl-registry\e596b6c29ad16da764aab6f2fef830a3a884f14b
  * freetype[brotli,bzip2,core,png,zlib]:x64-windows -> 2.12.1#3 -- C:\Users\Asus\OneDrive\Documents\vcpkg\buildtrees\versioning_\versions\freetype\db92ea87ff12339808263710675221df6a06ac15
  * harfbuzz[core]:x64-windows -> 6.0.0#1 -- C:\Users\Asus\OneDrive\Documents\vcpkg\buildtrees\versioning_\versions\harfbuzz\4ffde6e2f07e83bb2aff1abf962b8b21dffbdf83
  * icu[core,tools]:x64-windows -> 72.1#3 -- C:\Users\Asus\OneDrive\Documents\vcpkg\buildtrees\versioning_\versions\icu\36a3246630c4794b3781e881e5a57db36092deea
  * libjpeg-turbo[core]:x64-windows -> 2.1.5 -- C:\Users\Asus\OneDrive\Documents\vcpkg\buildtrees\versioning_\versions\libjpeg-turbo\8ddeeba46c059986db83de51ec72b4ff587f0dcc
  * libpng[core]:x64-windows -> 1.6.39 -- C:\Users\Asus\OneDrive\Documents\vcpkg\buildtrees\versioning_\versions\libpng\5418b205ed842ffdcd4d65c07f43087e0afcf3f3
  * openssl[core]:x64-windows -> 3.0.8 -- C:\Users\Asus\OneDrive\Documents\vcpkg\buildtrees\versioning_\versions\openssl\9cd36489fc65db87c4cd94ac606abd05c1db8f2d
  * pcre2[core]:x64-windows -> 10.40#1 -- C:\Users\Asus\OneDrive\Documents\vcpkg\buildtrees\versioning_\versions\pcre2\941f187c16a9385815fd353a9b79abf55bd2a7ec
  * pkgconf[core]:x64-windows -> 1.8.0#5 -- C:\Users\Asus\OneDrive\Documents\vcpkg\buildtrees\versioning_\versions\pkgconf\8848e56b32837456dfb872f6ca3cc9953558d453
    qt5-base[core]:x64-windows -> 5.15.8#4 -- C:\Users\Asus\OneDrive\Documents\vcpkg\buildtrees\versioning_\versions\qt5-base\1528baab40fce203129dc361128135b453e1ecb1
  * sqlite3[core]:x64-windows -> 3.40.1#1 -- C:\Users\Asus\OneDrive\Documents\vcpkg\buildtrees\versioning_\versions\sqlite3\a08d5bdc16bbeb6e156289d80416535f9cd0a073
  * vcpkg-cmake[core]:x64-windows -> 2022-12-22 -- C:\Users\Asus\OneDrive\Documents\vcpkg\buildtrees\versioning_\versions\vcpkg-cmake\1913f86defd2140d0a6751be2d51952e4090efa4
  * vcpkg-cmake-config[core]:x64-windows -> 2022-02-06#1 -- C:\Users\Asus\OneDrive\Documents\vcpkg\buildtrees\versioning_\versions\vcpkg-cmake-config\8d54cc4f487d51b655abec5f9c9c3f86ca83311f
  * vcpkg-cmake-get-vars[core]:x64-windows -> 2022-12-16 -- C:\Users\Asus\OneDrive\Documents\vcpkg\buildtrees\versioning_\versions\vcpkg-cmake-get-vars\bad453fe7f58edb2e8d0093692dcaa52347e446c
  * vcpkg-pkgconfig-get-modules[core]:x64-windows -> 2022-02-10#1 -- C:\Users\Asus\OneDrive\Documents\vcpkg\buildtrees\versioning_\versions\vcpkg-pkgconfig-get-modules\48bfa748f78837921860329547ed6e5799665698
  * vcpkg-tool-meson[core]:x64-windows -> 0.63 -- C:\Users\Asus\OneDrive\Documents\vcpkg\buildtrees\versioning_\versions\vcpkg-tool-meson\bee0cb6c5edf45133ebc9643b86c9c775ab36cfe
  * zlib[core]:x64-windows -> 1.2.13 -- C:\Users\Asus\OneDrive\Documents\vcpkg\buildtrees\versioning_\versions\zlib\ad5a49006f73b45b715299515f31164131b51982
  * zstd[core]:x64-windows -> 1.5.4 -- C:\Users\Asus\OneDrive\Documents\vcpkg\buildtrees\versioning_\versions\zstd\16ff2b227a85c9f483480a6bb6d5eb0103ceee44
Additional packages (*) will be modified to complete this operation.
Restored 21 package(s) from C:\Users\Asus\AppData\Local\vcpkg\archives in 37.76 s. Use --debug to see more details.
Installing 1/21 vcpkg-cmake-config:x64-windows...
Elapsed time to handle vcpkg-cmake-config:x64-windows: 123.4 ms
Installing 2/21 vcpkg-cmake:x64-windows...
Elapsed time to handle vcpkg-cmake:x64-windows: 122.7 ms
Installing 3/21 zstd:x64-windows...
Elapsed time to handle zstd:x64-windows: 183.7 ms
Installing 4/21 zlib:x64-windows...
Elapsed time to handle zlib:x64-windows: 185.5 ms
Installing 5/21 vcpkg-tool-meson:x64-windows...
Elapsed time to handle vcpkg-tool-meson:x64-windows: 13 s
Installing 6/21 pkgconf:x64-windows...
Elapsed time to handle pkgconf:x64-windows: 306.1 ms
Installing 7/21 vcpkg-pkgconfig-get-modules:x64-windows...
Elapsed time to handle vcpkg-pkgconfig-get-modules:x64-windows: 599.3 ms
Installing 8/21 vcpkg-cmake-get-vars:x64-windows...
Elapsed time to handle vcpkg-cmake-get-vars:x64-windows: 129.1 ms
Installing 9/21 sqlite3:x64-windows...
Elapsed time to handle sqlite3:x64-windows: 221.4 ms
Installing 10/21 bzip2:x64-windows...
Elapsed time to handle bzip2:x64-windows: 276.5 ms
Installing 11/21 pcre2:x64-windows...
Elapsed time to handle pcre2:x64-windows: 2.436 s
Installing 12/21 openssl:x64-windows...
Elapsed time to handle openssl:x64-windows: 3.241 s
Installing 13/21 libpng:x64-windows...
Elapsed time to handle libpng:x64-windows: 1.328 s
Installing 14/21 libjpeg-turbo:x64-windows...
Elapsed time to handle libjpeg-turbo:x64-windows: 1.696 s
Installing 15/21 icu:x64-windows...
Elapsed time to handle icu:x64-windows: 3.406 s
Installing 16/21 brotli:x64-windows...
Elapsed time to handle brotli:x64-windows: 392.4 ms
Installing 17/21 freetype:x64-windows...
Elapsed time to handle freetype:x64-windows: 882.7 ms
Installing 18/21 harfbuzz:x64-windows...
Elapsed time to handle harfbuzz:x64-windows: 1.361 s
Installing 19/21 egl-registry:x64-windows...
Elapsed time to handle egl-registry:x64-windows: 92.42 ms
Installing 20/21 double-conversion:x64-windows...
Elapsed time to handle double-conversion:x64-windows: 938.8 ms
Installing 21/21 qt5-base:x64-windows...
Elapsed time to handle qt5-base:x64-windows: 31.86 s
Total install time: 1.676 min
